{
  "domain": "music",
  "action": "query",
  "text": "播放张靓颖 我们在1起",
  "content": {
    "qqSearchQuery": false,
    "source": "qq",
    "play_mode": "list_loop",
    "to_display": {
      "duration": 20000,
      "text": "播放张靓颖 我们在一起",
      "type": 0
    },
    "to_speak": "好的，以下张靓颖精选歌曲来自QQ音乐",
    "hits": 10,
    "isFound": 1,
    "directive": [
      {
        "type": "media",
        "items": [
          {
            "extend": {
              "duration": 193,
              "global_id": "6475001647773380330",
              "scale": -1,
              "tags": "女声;原唱;旅行;00年代;国语;精品池;表白;流行;甜美;清晨;温暖;爱情;情歌;华语;早晨场景",
              "originSong": "我们在一起",
              "album_id": "32503",
              "cp_song_id": "0",
              "exclusivity": "free",
              "artist_id": "0",
              "songRank": 0.6
            },
            "cover": "http://y.gtimg.cn/music/photo_new/T002R500x500M000002StVxe22mRNX.jpg",
            "id": "402501",
            "artist": "张靓颖",
            "refer": "search",
            "isVisible": true,
            "album": "Update",
            "title": "我们在1起",
            "type": "resource",
            "cp": "xiaowei"
          },
          {
            "extend": {
              "duration": 214,
              "global_id": "310552913527776316",
              "scale": -1,
              "tags": "10年代",
              "originSong": "我是我的",
              "album_id": "496284",
              "cp_song_id": "0",
              "exclusivity": "free",
              "artist_id": "0",
              "songRank": 0.54
            },
            "cover": "http://y.gtimg.cn/music/photo_new/T002R500x500M000003BoDmC3jlPXT.jpg",
            "id": "5186971",
            "artist": "张靓颖",
            "refer": "search",
            "isVisible": true,
            "album": "第七感",
            "title": "我是我的",
            "type": "resource",
            "cp": "xiaowei"
          },
          {
            "extend": {
              "duration": 246,
              "global_id": "7891957395710311200",
              "scale": -1,
              "tags": "00后;10年代;励志;励志+",
              "originSong": "微笑以后",
              "album_id": "496284",
              "cp_song_id": "0",
              "exclusivity": "free",
              "artist_id": "0",
              "songRank": 0.54
            },
            "cover": "http://y.gtimg.cn/music/photo_new/T002R500x500M000003BoDmC3jlPXT.jpg",
            "id": "5115385",
            "artist": "张靓颖",
            "refer": "search",
            "isVisible": true,
            "album": "第七感",
            "title": "微笑以后",
            "type": "resource",
            "cp": "xiaowei"
          },
          {
            "extend": {
              "duration": 196,
              "global_id": "5013730382325788631",
              "scale": -1,
              "tags": "原唱;90后;10年代",
              "originSong": "办不到",
              "album_id": "64986",
              "cp_song_id": "0",
              "exclusivity": "free",
              "artist_id": "0",
              "songRank": 0.54
            },
            "cover": "http://y.gtimg.cn/music/photo_new/T002R500x500M00000458UNF0evQeN.jpg",
            "id": "4844929",
            "artist": "大嘴巴;张靓颖",
            "refer": "search",
            "isVisible": true,
            "album": "我相信",
            "title": "办不到",
            "type": "resource",
            "cp": "xiaowei"
          },
          {
            "extend": {
              "duration": 225,
              "global_id": "4455367817873812655",
              "scale": -1,
              "tags": "现场",
              "originSong": "漫步人生路",
              "album_id": "12964",
              "cp_song_id": "0",
              "exclusivity": "free",
              "artist_id": "0",
              "songRank": 0.54
            },
            "cover": "http://y.gtimg.cn/music/photo_new/T002R500x500M0000037k4U43LRKno.jpg",
            "id": "102808588",
            "artist": "张靓颖",
            "refer": "search",
            "isVisible": true,
            "album": "遗落人间的后冠：我们唱邓丽君",
            "title": "漫步人生路",
            "type": "resource",
            "cp": "xiaowei"
          },
          {
            "extend": {
              "duration": 229,
              "global_id": "2797895420707175346",
              "scale": -1,
              "tags": "10年代;现场;流行",
              "originSong": "快乐颂",
              "album_id": "5576187",
              "cp_song_id": "0",
              "exclusivity": "free",
              "artist_id": "0",
              "songRank": 0.54
            },
            "cover": "http://y.gtimg.cn/music/photo_new/T002R500x500M0000006RpWI0A31hN.jpg",
            "id": "225097901",
            "artist": "张靓颖",
            "refer": "search",
            "isVisible": true,
            "album": "梦想的声音第三季 第8期",
            "title": "快乐颂",
            "type": "resource",
            "cp": "xiaowei"
          },
          {
            "extend": {
              "duration": 277,
              "global_id": "2576763228423504491",
              "scale": -1,
              "tags": "原唱;00年代;华语",
              "originSong": "保鲜期",
              "album_id": "32503",
              "cp_song_id": "0",
              "exclusivity": "free",
              "artist_id": "0",
              "songRank": 0.54
            },
            "cover": "http://y.gtimg.cn/music/photo_new/T002R500x500M000002StVxe22mRNX.jpg",
            "id": "402494",
            "artist": "张靓颖",
            "refer": "search",
            "isVisible": true,
            "album": "Update",
            "title": "保鲜期",
            "type": "resource",
            "cp": "xiaowei"
          },
          {
            "extend": {
              "duration": 313,
              "global_id": "7717965448046205496",
              "scale": -1,
              "tags": "10年代;串烧",
              "originSong": "青城山下白素贞 + 一千年以后",
              "album_id": "3323041",
              "cp_song_id": "0",
              "exclusivity": "free",
              "artist_id": "0",
              "songRank": 0.53
            },
            "cover": "http://y.gtimg.cn/music/photo_new/T002R500x500M000004KZdNo4UAEVX.jpg",
            "id": "212044848",
            "artist": "张靓颖",
            "refer": "search",
            "isVisible": true,
            "album": "梦想的声音第二季 第5期",
            "title": "青城山下白素贞 + 一千年以后",
            "type": "resource",
            "cp": "xiaowei"
          },
          {
            "extend": {
              "duration": 362,
              "global_id": "4024377454906658476",
              "scale": -1,
              "tags": "10年代",
              "originSong": "画心II",
              "album_id": "120042",
              "cp_song_id": "0",
              "exclusivity": "free",
              "artist_id": "0",
              "songRank": 0.53
            },
            "cover": "http://y.gtimg.cn/music/photo_new/T002R500x500M000001w4hjl117xB0.jpg",
            "id": "7093934",
            "artist": "张靓颖",
            "refer": "search",
            "isVisible": true,
            "album": "画皮Ⅱ 电影原声带",
            "title": "画心2",
            "type": "resource",
            "cp": "xiaowei"
          },
          {
            "extend": {
              "duration": 237,
              "global_id": "6900788887163366350",
              "scale": -1,
              "tags": "10年代;分手",
              "originSong": "就这样好了",
              "album_id": "64986",
              "cp_song_id": "0",
              "exclusivity": "free",
              "artist_id": "0",
              "songRank": 0.53
            },
            "cover": "http://y.gtimg.cn/music/photo_new/T002R500x500M00000458UNF0evQeN.jpg",
            "id": "4844927",
            "artist": "张靓颖",
            "refer": "search",
            "isVisible": true,
            "album": "我相信",
            "title": "就这样好了",
            "type": "resource",
            "cp": "xiaowei"
          }
        ]
      }
    ],
    "musics": [
      {
        "duration": 193,
        "global_id": 6475001647773381000,
        "name": "我们在1起",
        "song": "我们在1起",
        "eid": "general",
        "scale": -1,
        "tags": "女声;原唱;旅行;00年代;国语;精品池;表白;流行;甜美;清晨;温暖;爱情;情歌;华语;早晨场景",
        "mid": "004Auqse0lzrIG",
        "cover_url": "http://y.gtimg.cn/music/photo_new/T002R500x500M000002StVxe22mRNX.jpg",
        "originSong": "我们在一起",
        "album_name": "Update",
        "id": "402501",
        "actionURL": "",
        "album_id": "32503",
        "artist": "张靓颖",
        "origin": "xiaowei",
        "refer": "search",
        "cp_song_id": 0,
        "artist_name": "张靓颖",
        "exclusivity": "free",
        "hot": 0,
        "artist_id": 0,
        "type": "song",
        "cp_id": 0,
        "sid": 402501,
        "songRank": 0.6
      },
      {
        "duration": 214,
        "global_id": 310552913527776300,
        "name": "我是我的",
        "song": "我是我的",
        "eid": "general",
        "scale": -1,
        "tags": "10年代",
        "mid": "002TLhr516MHSJ",
        "cover_url": "http://y.gtimg.cn/music/photo_new/T002R500x500M000003BoDmC3jlPXT.jpg",
        "originSong": "我是我的",
        "album_name": "第七感",
        "id": "5186971",
        "actionURL": "",
        "album_id": "496284",
        "artist": "张靓颖",
        "origin": "xiaowei",
        "refer": "search",
        "cp_song_id": 0,
        "artist_name": "张靓颖",
        "exclusivity": "free",
        "hot": 0,
        "artist_id": 0,
        "type": "song",
        "cp_id": 0,
        "sid": 5186971,
        "songRank": 0.54
      },
      {
        "duration": 246,
        "global_id": 7891957395710311000,
        "name": "微笑以后",
        "song": "微笑以后",
        "eid": "general",
        "scale": -1,
        "tags": "00后;10年代;励志;励志+",
        "mid": "002kkiLH1Bltak",
        "cover_url": "http://y.gtimg.cn/music/photo_new/T002R500x500M000003BoDmC3jlPXT.jpg",
        "originSong": "微笑以后",
        "album_name": "第七感",
        "id": "5115385",
        "actionURL": "",
        "album_id": "496284",
        "artist": "张靓颖",
        "origin": "xiaowei",
        "refer": "search",
        "cp_song_id": 0,
        "artist_name": "张靓颖",
        "exclusivity": "free",
        "hot": 0,
        "artist_id": 0,
        "type": "song",
        "cp_id": 0,
        "sid": 5115385,
        "songRank": 0.54
      },
      {
        "duration": 196,
        "global_id": 5013730382325789000,
        "name": "办不到",
        "song": "办不到",
        "eid": "general",
        "scale": -1,
        "tags": "原唱;90后;10年代",
        "mid": "0037J1el0ie47A",
        "cover_url": "http://y.gtimg.cn/music/photo_new/T002R500x500M00000458UNF0evQeN.jpg",
        "originSong": "办不到",
        "album_name": "我相信",
        "id": "4844929",
        "actionURL": "",
        "album_id": "64986",
        "artist": "大嘴巴;张靓颖",
        "origin": "xiaowei",
        "refer": "search",
        "cp_song_id": 0,
        "artist_name": "大嘴巴;张靓颖",
        "exclusivity": "free",
        "hot": 0,
        "artist_id": 0,
        "type": "song",
        "cp_id": 0,
        "sid": 4844929,
        "songRank": 0.54
      },
      {
        "duration": 225,
        "global_id": 4455367817873812500,
        "name": "漫步人生路",
        "song": "漫步人生路",
        "eid": "general",
        "scale": -1,
        "tags": "现场",
        "mid": "003yXslv0izN5k",
        "cover_url": "http://y.gtimg.cn/music/photo_new/T002R500x500M0000037k4U43LRKno.jpg",
        "originSong": "漫步人生路",
        "album_name": "遗落人间的后冠：我们唱邓丽君",
        "id": "102808588",
        "actionURL": "",
        "album_id": "12964",
        "artist": "张靓颖",
        "origin": "xiaowei",
        "refer": "search",
        "cp_song_id": 0,
        "artist_name": "张靓颖",
        "exclusivity": "free",
        "hot": 0,
        "artist_id": 0,
        "type": "song",
        "cp_id": 0,
        "sid": 102808588,
        "songRank": 0.54
      },
      {
        "duration": 229,
        "global_id": 2797895420707175400,
        "name": "快乐颂",
        "song": "快乐颂",
        "eid": "general",
        "scale": -1,
        "tags": "10年代;现场;流行",
        "mid": "004Sgjxx15dcO5",
        "cover_url": "http://y.gtimg.cn/music/photo_new/T002R500x500M0000006RpWI0A31hN.jpg",
        "originSong": "快乐颂",
        "album_name": "梦想的声音第三季 第8期",
        "id": "225097901",
        "actionURL": "",
        "album_id": "5576187",
        "artist": "张靓颖",
        "origin": "xiaowei",
        "refer": "search",
        "cp_song_id": 0,
        "artist_name": "张靓颖",
        "exclusivity": "free",
        "hot": 0,
        "artist_id": 0,
        "type": "song",
        "cp_id": 0,
        "sid": 225097901,
        "songRank": 0.54
      },
      {
        "duration": 277,
        "global_id": 2576763228423504400,
        "name": "保鲜期",
        "song": "保鲜期",
        "eid": "general",
        "scale": -1,
        "tags": "原唱;00年代;华语",
        "mid": "000GarBc0TgBWv",
        "cover_url": "http://y.gtimg.cn/music/photo_new/T002R500x500M000002StVxe22mRNX.jpg",
        "originSong": "保鲜期",
        "album_name": "Update",
        "id": "402494",
        "actionURL": "",
        "album_id": "32503",
        "artist": "张靓颖",
        "origin": "xiaowei",
        "refer": "search",
        "cp_song_id": 0,
        "artist_name": "张靓颖",
        "exclusivity": "free",
        "hot": 0,
        "artist_id": 0,
        "type": "song",
        "cp_id": 0,
        "sid": 402494,
        "songRank": 0.54
      },
      {
        "duration": 313,
        "global_id": 7717965448046206000,
        "name": "青城山下白素贞 + 一千年以后",
        "song": "青城山下白素贞 + 一千年以后",
        "eid": "general",
        "scale": -1,
        "tags": "10年代;串烧",
        "mid": "0003VBU82h2Kg6",
        "cover_url": "http://y.gtimg.cn/music/photo_new/T002R500x500M000004KZdNo4UAEVX.jpg",
        "originSong": "青城山下白素贞 + 一千年以后",
        "album_name": "梦想的声音第二季 第5期",
        "id": "212044848",
        "actionURL": "",
        "album_id": "3323041",
        "artist": "张靓颖",
        "origin": "xiaowei",
        "refer": "search",
        "cp_song_id": 0,
        "artist_name": "张靓颖",
        "exclusivity": "free",
        "hot": 0,
        "artist_id": 0,
        "type": "song",
        "cp_id": 0,
        "sid": 212044848,
        "songRank": 0.53
      },
      {
        "duration": 362,
        "global_id": 4024377454906658300,
        "name": "画心2",
        "song": "画心2",
        "eid": "general",
        "scale": -1,
        "tags": "10年代",
        "mid": "002t3QST1c8Rt4",
        "cover_url": "http://y.gtimg.cn/music/photo_new/T002R500x500M000001w4hjl117xB0.jpg",
        "originSong": "画心II",
        "album_name": "画皮Ⅱ 电影原声带",
        "id": "7093934",
        "actionURL": "",
        "album_id": "120042",
        "artist": "张靓颖",
        "origin": "xiaowei",
        "refer": "search",
        "cp_song_id": 0,
        "artist_name": "张靓颖",
        "exclusivity": "free",
        "hot": 0,
        "artist_id": 0,
        "type": "song",
        "cp_id": 0,
        "sid": 7093934,
        "songRank": 0.53
      },
      {
        "duration": 237,
        "global_id": 6900788887163366000,
        "name": "就这样好了",
        "song": "就这样好了",
        "eid": "general",
        "scale": -1,
        "tags": "10年代;分手",
        "mid": "0046GFJV2fkafZ",
        "cover_url": "http://y.gtimg.cn/music/photo_new/T002R500x500M00000458UNF0evQeN.jpg",
        "originSong": "就这样好了",
        "album_name": "我相信",
        "id": "4844927",
        "actionURL": "",
        "album_id": "64986",
        "artist": "张靓颖",
        "origin": "xiaowei",
        "refer": "search",
        "cp_song_id": 0,
        "artist_name": "张靓颖",
        "exclusivity": "free",
        "hot": 0,
        "artist_id": 0,
        "type": "song",
        "cp_id": 0,
        "sid": 4844927,
        "songRank": 0.53
      }
    ]
  },
  "intention": {
    "res_rank": 0.835,
    "help_info": "{\"has_ambiguous_slot\":false}",
    "offset": 0,
    "has_ambiguous_slot": false,
    "artist": "张靓颖",
    "query": "张靓颖",
    "module": "artist",
    "count": 10,
    "slot_ptn": "ARTIST",
    "is_hit_exp": false,
    "score": 0.99,
    "recommend_score": 0,
    "intent_score": 0,
    "func": "music_audio.music.artist.artist_search",
    "is_lyc_song_search": false,
    "origin_score": 0.9997145345442492,
    "domain": "music",
    "action": "query",
    "play_mode": "list_loop",
    "tokens": "<s> <any>/artist </s>",
    "complete": true,
    "nonsense_score": 0.00047134552733041346,
    "domain_judge": "judge",
    "rewrite_infos": {}
  }
}
